%!Adobe-FontList 1.18
%Locale:0x409

%BeginFont
Handler:DirectoryHandler
FontType:TrueType
FontName:Baskerville
FamilyName:Baskerville
StyleName:Regular
MenuName:Baskerville
StyleBits:0
WeightClass:400
WidthClass:5
AngleClass:0
FullName:Baskerville
WritingScript:Roman
OutlineFileName:\Baskerville.ttc
TTCOffset:48
DataFormat:sfntData
hasSVG:no
FileLength:1330920
FileModTime:1478376714
NameArray:0,Mac,4,Baskerville
NameArray:0,Win,1,Baskerville
%EndFont

%BeginFont
Handler:DirectoryHandler
FontType:TrueType
FontName:Baskerville-Bold
FamilyName:Baskerville
StyleName:Bold
MenuName:Baskerville
StyleBits:2
WeightClass:700
WidthClass:5
AngleClass:0
FullName:Baskerville Bold
WritingScript:Roman
OutlineFileName:\Baskerville.ttc
TTCOffset:284
DataFormat:sfntData
hasSVG:no
FileLength:1330920
FileModTime:1478376714
NameArray:0,Mac,4,Baskerville Bold
NameArray:0,Win,1,Baskerville
%EndFont

%BeginFont
Handler:DirectoryHandler
FontType:TrueType
FontName:Baskerville-Italic
FamilyName:Baskerville
StyleName:Italic
MenuName:Baskerville
StyleBits:1
WeightClass:400
WidthClass:5
AngleClass:1
FullName:Baskerville Italic
WritingScript:Roman
OutlineFileName:\Baskerville.ttc
TTCOffset:520
DataFormat:sfntData
hasSVG:no
FileLength:1330920
FileModTime:1478376714
NameArray:0,Mac,4,Baskerville Italic
NameArray:0,Win,1,Baskerville
%EndFont

%BeginFont
Handler:DirectoryHandler
FontType:TrueType
FontName:Baskerville-BoldItalic
FamilyName:Baskerville
StyleName:Bold Italic
MenuName:Baskerville
StyleBits:3
WeightClass:700
WidthClass:5
AngleClass:1
FullName:Baskerville Bold Italic
WritingScript:Roman
OutlineFileName:\Baskerville.ttc
TTCOffset:772
DataFormat:sfntData
hasSVG:no
FileLength:1330920
FileModTime:1478376714
NameArray:0,Mac,4,Baskerville Bold Italic
NameArray:0,Win,1,Baskerville
%EndFont

%BeginFont
Handler:DirectoryHandler
FontType:TrueType
FontName:Baskerville-SemiBold
FamilyName:Baskerville
StyleName:SemiBold
MenuName:Baskerville
StyleBits:0
WeightClass:600
WidthClass:5
AngleClass:0
FullName:Baskerville SemiBold
WritingScript:Roman
OutlineFileName:\Baskerville.ttc
TTCOffset:1024
DataFormat:sfntData
hasSVG:no
FileLength:1330920
FileModTime:1478376714
NameArray:0,Mac,4,Baskerville SemiBold
NameArray:0,Win,1,Baskerville
%EndFont

%BeginFont
Handler:DirectoryHandler
FontType:TrueType
FontName:Baskerville-SemiBoldItalic
FamilyName:Baskerville
StyleName:SemiBold Italic
MenuName:Baskerville
StyleBits:1
WeightClass:600
WidthClass:5
AngleClass:1
FullName:Baskerville SemiBold Italic
WritingScript:Roman
OutlineFileName:\Baskerville.ttc
TTCOffset:1260
DataFormat:sfntData
hasSVG:no
FileLength:1330920
FileModTime:1478376714
NameArray:0,Mac,4,Baskerville SemiBold Italic
NameArray:0,Win,1,Baskerville
%EndFont

%BeginFont
Handler:DirectoryHandler
FontType:TrueType
FontName:GillSans
FamilyName:Gill Sans
StyleName:Regular
MenuName:Gill Sans
StyleBits:0
WeightClass:400
WidthClass:5
AngleClass:0
FullName:Gill Sans
WritingScript:Roman
OutlineFileName:\GillSans.ttc
TTCOffset:60
DataFormat:sfntData
hasSVG:no
FileLength:1220852
FileModTime:1478376714
NameArray:0,Mac,4,Gill Sans
%EndFont

%BeginFont
Handler:DirectoryHandler
FontType:TrueType
FontName:GillSans-Bold
FamilyName:Gill Sans
StyleName:Bold
MenuName:Gill Sans
StyleBits:2
WeightClass:700
WidthClass:5
AngleClass:0
FullName:Gill Sans Bold
WritingScript:Roman
OutlineFileName:\GillSans.ttc
TTCOffset:408
DataFormat:sfntData
hasSVG:no
FileLength:1220852
FileModTime:1478376714
NameArray:0,Mac,4,Gill Sans Bold
%EndFont

%BeginFont
Handler:DirectoryHandler
FontType:TrueType
FontName:GillSans-Italic
FamilyName:Gill Sans
StyleName:Italic
MenuName:Gill Sans
StyleBits:1
WeightClass:400
WidthClass:5
AngleClass:1
FullName:Gill Sans Italic
WritingScript:Roman
OutlineFileName:\GillSans.ttc
TTCOffset:724
DataFormat:sfntData
hasSVG:no
FileLength:1220852
FileModTime:1478376714
NameArray:0,Mac,4,Gill Sans Italic
%EndFont

%BeginFont
Handler:DirectoryHandler
FontType:TrueType
FontName:GillSans-BoldItalic
FamilyName:Gill Sans
StyleName:Bold Italic
MenuName:Gill Sans
StyleBits:3
WeightClass:700
WidthClass:5
AngleClass:1
FullName:Gill Sans Bold Italic
WritingScript:Roman
OutlineFileName:\GillSans.ttc
TTCOffset:1040
DataFormat:sfntData
hasSVG:no
FileLength:1220852
FileModTime:1478376714
NameArray:0,Mac,4,Gill Sans Bold Italic
%EndFont

%BeginFont
Handler:DirectoryHandler
FontType:TrueType
FontName:GillSans-SemiBold
FamilyName:Gill Sans
StyleName:SemiBold
MenuName:Gill Sans
StyleBits:0
WeightClass:600
WidthClass:5
AngleClass:0
FullName:Gill Sans SemiBold
FamilyNameNative:
StyleNameNative:SemiBold
FullNameNative:
WritingScript:Cyrillic
OutlineFileName:\GillSans.ttc
TTCOffset:1356
DataFormat:sfntData
hasSVG:no
FileLength:1220852
FileModTime:1478376714
NameArray:0,Mac,4,Gill Sans SemiBold
NameArray:0,Win,1,Gill Sans
%EndFont

%BeginFont
Handler:DirectoryHandler
FontType:TrueType
FontName:GillSans-SemiBoldItalic
FamilyName:Gill Sans
StyleName:SemiBold Italic
MenuName:Gill Sans
StyleBits:1
WeightClass:600
WidthClass:5
AngleClass:1
FullName:Gill Sans SemiBold Italic
FamilyNameNative:
StyleNameNative:SemiBold Italic
FullNameNative:
WritingScript:Cyrillic
OutlineFileName:\GillSans.ttc
TTCOffset:1608
DataFormat:sfntData
hasSVG:no
FileLength:1220852
FileModTime:1478376714
NameArray:0,Mac,4,Gill Sans SemiBold Italic
NameArray:0,Win,1,Gill Sans
%EndFont

%BeginFont
Handler:DirectoryHandler
FontType:TrueType
FontName:GillSans-UltraBold
FamilyName:Gill Sans
StyleName:UltraBold
MenuName:Gill Sans
StyleBits:0
WeightClass:1000
WidthClass:5
AngleClass:0
FullName:Gill Sans UltraBold
WritingScript:Roman
OutlineFileName:\GillSans.ttc
TTCOffset:1860
DataFormat:sfntData
hasSVG:no
FileLength:1220852
FileModTime:1478376714
NameArray:0,Mac,4,Gill Sans UltraBold
NameArray:0,Win,16,Gill Sans
%EndFont

%BeginFont
Handler:DirectoryHandler
FontType:TrueType
FontName:GillSans-Light
FamilyName:Gill Sans
StyleName:Light
MenuName:Gill Sans
StyleBits:0
WeightClass:300
WidthClass:5
AngleClass:0
FullName:Gill Sans Light
WritingScript:Roman
OutlineFileName:\GillSans.ttc
TTCOffset:2144
DataFormat:sfntData
hasSVG:no
FileLength:1220852
FileModTime:1478376714
NameArray:0,Mac,4,Gill Sans Light
%EndFont

%BeginFont
Handler:DirectoryHandler
FontType:TrueType
FontName:GillSans-LightItalic
FamilyName:Gill Sans
StyleName:Light Italic
MenuName:Gill Sans
StyleBits:1
WeightClass:300
WidthClass:5
AngleClass:1
FullName:Gill Sans Light Italic
WritingScript:Roman
OutlineFileName:\GillSans.ttc
TTCOffset:2460
DataFormat:sfntData
hasSVG:no
FileLength:1220852
FileModTime:1478376714
NameArray:0,Mac,4,Gill Sans Light Italic
%EndFont

